<?xml version="1.0" encoding="UTF-8"?>
<!-- Generated by org.testng.reporters.JUnitXMLReporter -->
<testsuite ignored="0" hostname="DESKTOP-4EI5T7A" failures="0" tests="6" name="Default test" time="47.772" errors="0" timestamp="2021-11-13T12:42:31 IST">
  <testcase classname="mainclass.Main" name="A" time="9.652"/>
  <testcase classname="mainclass.Main" name="B" time="4.968"/>
  <testcase classname="mainclass.Main" name="C" time="5.185"/>
  <testcase classname="mainclass.Main" name="D" time="7.005"/>
  <testcase classname="mainclass.Main" name="E" time="9.882"/>
  <testcase classname="mainclass.Main" name="F" time="5.601"/>
</testsuite> <!-- Default test -->
