<?xml version="1.0" encoding="UTF-8"?>
<testng-results ignored="0" total="6" passed="6" failed="0" skipped="0">
  <reporter-output>
  </reporter-output>
  <suite started-at="2021-11-13T12:41:43 IST" name="Default suite" finished-at="2021-11-13T12:42:31 IST" duration-ms="47772">
    <groups>
    </groups>
    <test started-at="2021-11-13T12:41:43 IST" name="Default test" finished-at="2021-11-13T12:42:31 IST" duration-ms="47772">
      <class name="mainclass.Main">
        <test-method is-config="true" signature="A()[pri:0, instance:mainclass.Main@71a8adcf]" started-at="2021-11-13T12:41:43 IST" name="A" finished-at="2021-11-13T12:41:48 IST" duration-ms="5423" status="PASS">
          <reporter-output>
          </reporter-output>
        </test-method> <!-- A -->
        <test-method signature="A()[pri:0, instance:mainclass.Main@71a8adcf]" started-at="2021-11-13T12:41:48 IST" name="A" finished-at="2021-11-13T12:41:58 IST" duration-ms="9652" status="PASS">
          <reporter-output>
          </reporter-output>
        </test-method> <!-- A -->
        <test-method signature="B()[pri:1, instance:mainclass.Main@71a8adcf]" started-at="2021-11-13T12:41:58 IST" name="B" finished-at="2021-11-13T12:42:03 IST" duration-ms="4968" status="PASS">
          <reporter-output>
          </reporter-output>
        </test-method> <!-- B -->
        <test-method signature="C()[pri:2, instance:mainclass.Main@71a8adcf]" started-at="2021-11-13T12:42:03 IST" name="C" finished-at="2021-11-13T12:42:08 IST" duration-ms="5185" status="PASS">
          <reporter-output>
          </reporter-output>
        </test-method> <!-- C -->
        <test-method signature="D()[pri:3, instance:mainclass.Main@71a8adcf]" started-at="2021-11-13T12:42:08 IST" name="D" finished-at="2021-11-13T12:42:15 IST" duration-ms="7005" status="PASS">
          <reporter-output>
          </reporter-output>
        </test-method> <!-- D -->
        <test-method signature="E()[pri:4, instance:mainclass.Main@71a8adcf]" started-at="2021-11-13T12:42:15 IST" name="E" finished-at="2021-11-13T12:42:25 IST" duration-ms="9882" status="PASS">
          <reporter-output>
          </reporter-output>
        </test-method> <!-- E -->
        <test-method signature="F()[pri:5, instance:mainclass.Main@71a8adcf]" started-at="2021-11-13T12:42:25 IST" name="F" finished-at="2021-11-13T12:42:31 IST" duration-ms="5601" status="PASS">
          <reporter-output>
          </reporter-output>
        </test-method> <!-- F -->
      </class> <!-- mainclass.Main -->
    </test> <!-- Default test -->
  </suite> <!-- Default suite -->
</testng-results>
